{"/mnt/c/users/Nathan Huang/FitForge/backend/app.js": {"path":"/mnt/c/users/Nathan Huang/FitForge/backend/app.js","statementMap":{"0":{"start":{"line":1,"column":16},"end":{"line":1,"column":34}},"1":{"start":{"line":2,"column":13},"end":{"line":2,"column":28}},"2":{"start":{"line":3,"column":15},"end":{"line":3,"column":32}},"3":{"start":{"line":4,"column":19},"end":{"line":4,"column":41}},"4":{"start":{"line":5,"column":13},"end":{"line":5,"column":28}},"5":{"start":{"line":6,"column":0},"end":{"line":6,"column":32}},"6":{"start":{"line":8,"column":23},"end":{"line":8,"column":52}},"7":{"start":{"line":9,"column":22},"end":{"line":9,"column":50}},"8":{"start":{"line":10,"column":20},"end":{"line":10,"column":46}},"9":{"start":{"line":11,"column":19},"end":{"line":11,"column":43}},"10":{"start":{"line":12,"column":17},"end":{"line":12,"column":39}},"11":{"start":{"line":13,"column":47},"end":{"line":13,"column":83}},"12":{"start":{"line":15,"column":12},"end":{"line":15,"column":21}},"13":{"start":{"line":17,"column":23},"end":{"line":20,"column":18}},"14":{"start":{"line":19,"column":19},"end":{"line":19,"column":32}},"15":{"start":{"line":22,"column":0},"end":{"line":22,"column":50}},"16":{"start":{"line":23,"column":0},"end":{"line":30,"column":2}},"17":{"start":{"line":26,"column":6},"end":{"line":26,"column":82}},"18":{"start":{"line":26,"column":54},"end":{"line":26,"column":82}},"19":{"start":{"line":27,"column":6},"end":{"line":27,"column":56}},"20":{"start":{"line":31,"column":0},"end":{"line":31,"column":43}},"21":{"start":{"line":33,"column":0},"end":{"line":33,"column":28}},"22":{"start":{"line":34,"column":0},"end":{"line":34,"column":42}},"23":{"start":{"line":35,"column":0},"end":{"line":35,"column":40}},"24":{"start":{"line":36,"column":0},"end":{"line":36,"column":36}},"25":{"start":{"line":37,"column":0},"end":{"line":37,"column":46}},"26":{"start":{"line":38,"column":0},"end":{"line":38,"column":40}},"27":{"start":{"line":41,"column":0},"end":{"line":41,"column":67}},"28":{"start":{"line":42,"column":0},"end":{"line":44,"column":3}},"29":{"start":{"line":43,"column":2},"end":{"line":43,"column":72}},"30":{"start":{"line":46,"column":21},"end":{"line":46,"column":57}},"31":{"start":{"line":47,"column":0},"end":{"line":47,"column":22}},"32":{"start":{"line":49,"column":0},"end":{"line":49,"column":21}}},"fnMap":{"0":{"name":"(anonymous_0)","decl":{"start":{"line":19,"column":7},"end":{"line":19,"column":8}},"loc":{"start":{"line":19,"column":19},"end":{"line":19,"column":32}},"line":19},"1":{"name":"(anonymous_1)","decl":{"start":{"line":25,"column":12},"end":{"line":25,"column":13}},"loc":{"start":{"line":25,"column":34},"end":{"line":28,"column":5}},"line":25},"2":{"name":"(anonymous_2)","decl":{"start":{"line":42,"column":13},"end":{"line":42,"column":14}},"loc":{"start":{"line":42,"column":27},"end":{"line":44,"column":1}},"line":42}},"branchMap":{"0":{"loc":{"start":{"line":17,"column":24},"end":{"line":17,"column":74}},"type":"binary-expr","locations":[{"start":{"line":17,"column":24},"end":{"line":17,"column":47}},{"start":{"line":17,"column":51},"end":{"line":17,"column":74}}],"line":17},"1":{"loc":{"start":{"line":26,"column":6},"end":{"line":26,"column":82}},"type":"if","locations":[{"start":{"line":26,"column":6},"end":{"line":26,"column":82}},{"start":{},"end":{}}],"line":26},"2":{"loc":{"start":{"line":26,"column":10},"end":{"line":26,"column":52}},"type":"binary-expr","locations":[{"start":{"line":26,"column":10},"end":{"line":26,"column":17}},{"start":{"line":26,"column":21},"end":{"line":26,"column":52}}],"line":26}},"s":{"0":6,"1":6,"2":6,"3":6,"4":6,"5":6,"6":6,"7":6,"8":6,"9":6,"10":6,"11":6,"12":6,"13":6,"14":6,"15":6,"16":6,"17":143,"18":142,"19":1,"20":6,"21":6,"22":6,"23":6,"24":6,"25":6,"26":6,"27":6,"28":6,"29":1,"30":6,"31":6,"32":6},"f":{"0":6,"1":143,"2":1},"b":{"0":[6,6],"1":[142,1],"2":[143,1]},"_coverageSchema":"1a1c01bbd47fc00a2c39e90264f33305004495a9","hash":"1e5990567cf2a5149fed8bfe4eb251114ba02ae8"}
,"/mnt/c/users/Nathan Huang/FitForge/backend/middleware/authMiddleware.js": {"path":"/mnt/c/users/Nathan Huang/FitForge/backend/middleware/authMiddleware.js","statementMap":{"0":{"start":{"line":1,"column":12},"end":{"line":1,"column":35}},"1":{"start":{"line":2,"column":13},"end":{"line":2,"column":38}},"2":{"start":{"line":4,"column":16},"end":{"line":21,"column":1}},"3":{"start":{"line":5,"column":2},"end":{"line":20,"column":3}},"4":{"start":{"line":6,"column":23},"end":{"line":6,"column":48}},"5":{"start":{"line":7,"column":4},"end":{"line":9,"column":5}},"6":{"start":{"line":8,"column":6},"end":{"line":8,"column":75}},"7":{"start":{"line":10,"column":18},"end":{"line":10,"column":42}},"8":{"start":{"line":11,"column":20},"end":{"line":11,"column":61}},"9":{"start":{"line":12,"column":17},"end":{"line":12,"column":76}},"10":{"start":{"line":13,"column":4},"end":{"line":15,"column":5}},"11":{"start":{"line":14,"column":6},"end":{"line":14,"column":81}},"12":{"start":{"line":16,"column":4},"end":{"line":16,"column":20}},"13":{"start":{"line":17,"column":4},"end":{"line":17,"column":11}},"14":{"start":{"line":19,"column":4},"end":{"line":19,"column":77}},"15":{"start":{"line":23,"column":0},"end":{"line":23,"column":29}}},"fnMap":{"0":{"name":"(anonymous_0)","decl":{"start":{"line":4,"column":16},"end":{"line":4,"column":17}},"loc":{"start":{"line":4,"column":42},"end":{"line":21,"column":1}},"line":4}},"branchMap":{"0":{"loc":{"start":{"line":7,"column":4},"end":{"line":9,"column":5}},"type":"if","locations":[{"start":{"line":7,"column":4},"end":{"line":9,"column":5}},{"start":{},"end":{}}],"line":7},"1":{"loc":{"start":{"line":7,"column":8},"end":{"line":7,"column":56}},"type":"binary-expr","locations":[{"start":{"line":7,"column":8},"end":{"line":7,"column":19}},{"start":{"line":7,"column":23},"end":{"line":7,"column":56}}],"line":7},"2":{"loc":{"start":{"line":13,"column":4},"end":{"line":15,"column":5}},"type":"if","locations":[{"start":{"line":13,"column":4},"end":{"line":15,"column":5}},{"start":{},"end":{}}],"line":13}},"s":{"0":6,"1":6,"2":6,"3":76,"4":76,"5":76,"6":8,"7":68,"8":68,"9":66,"10":66,"11":1,"12":65,"13":65,"14":2,"15":6},"f":{"0":76},"b":{"0":[8,68],"1":[76,69],"2":[1,65]},"_coverageSchema":"1a1c01bbd47fc00a2c39e90264f33305004495a9","hash":"ae932a65be686fc48b0466be89a122e6462672f7"}
,"/mnt/c/users/Nathan Huang/FitForge/backend/middleware/errorHandler.js": {"path":"/mnt/c/users/Nathan Huang/FitForge/backend/middleware/errorHandler.js","statementMap":{"0":{"start":{"line":2,"column":21},"end":{"line":11,"column":1}},"1":{"start":{"line":3,"column":2},"end":{"line":5,"column":3}},"2":{"start":{"line":4,"column":4},"end":{"line":4,"column":66}},"3":{"start":{"line":6,"column":2},"end":{"line":8,"column":3}},"4":{"start":{"line":7,"column":4},"end":{"line":7,"column":58}},"5":{"start":{"line":9,"column":2},"end":{"line":9,"column":49}},"6":{"start":{"line":10,"column":2},"end":{"line":10,"column":52}},"7":{"start":{"line":13,"column":0},"end":{"line":13,"column":30}}},"fnMap":{"0":{"name":"(anonymous_0)","decl":{"start":{"line":2,"column":21},"end":{"line":2,"column":22}},"loc":{"start":{"line":2,"column":46},"end":{"line":11,"column":1}},"line":2}},"branchMap":{"0":{"loc":{"start":{"line":3,"column":2},"end":{"line":5,"column":3}},"type":"if","locations":[{"start":{"line":3,"column":2},"end":{"line":5,"column":3}},{"start":{},"end":{}}],"line":3},"1":{"loc":{"start":{"line":6,"column":2},"end":{"line":8,"column":3}},"type":"if","locations":[{"start":{"line":6,"column":2},"end":{"line":8,"column":3}},{"start":{},"end":{}}],"line":6}},"s":{"0":7,"1":7,"2":2,"3":5,"4":1,"5":4,"6":4,"7":7},"f":{"0":7},"b":{"0":[2,5],"1":[1,4]},"_coverageSchema":"1a1c01bbd47fc00a2c39e90264f33305004495a9","hash":"bafc6316c9df86ff5f15cbcde7361ecae6a230c0"}
,"/mnt/c/users/Nathan Huang/FitForge/backend/middleware/rateLimiters.js": {"path":"/mnt/c/users/Nathan Huang/FitForge/backend/middleware/rateLimiters.js","statementMap":{"0":{"start":{"line":1,"column":18},"end":{"line":1,"column":47}},"1":{"start":{"line":4,"column":13},"end":{"line":4,"column":50}},"2":{"start":{"line":4,"column":19},"end":{"line":4,"column":50}},"3":{"start":{"line":6,"column":19},"end":{"line":13,"column":2}},"4":{"start":{"line":15,"column":20},"end":{"line":22,"column":2}},"5":{"start":{"line":24,"column":18},"end":{"line":31,"column":2}},"6":{"start":{"line":33,"column":0},"end":{"line":33,"column":56}}},"fnMap":{"0":{"name":"(anonymous_0)","decl":{"start":{"line":4,"column":13},"end":{"line":4,"column":14}},"loc":{"start":{"line":4,"column":19},"end":{"line":4,"column":50}},"line":4}},"branchMap":{},"s":{"0":6,"1":6,"2":223,"3":6,"4":6,"5":6,"6":6},"f":{"0":223},"b":{},"_coverageSchema":"1a1c01bbd47fc00a2c39e90264f33305004495a9","hash":"3f67edeba234e7eb1b887984ea4aca0ca4bd4ea2"}
,"/mnt/c/users/Nathan Huang/FitForge/backend/models/Exercise.js": {"path":"/mnt/c/users/Nathan Huang/FitForge/backend/models/Exercise.js","statementMap":{"0":{"start":{"line":1,"column":17},"end":{"line":1,"column":36}},"1":{"start":{"line":3,"column":23},"end":{"line":10,"column":2}},"2":{"start":{"line":12,"column":0},"end":{"line":12,"column":60}}},"fnMap":{},"branchMap":{},"s":{"0":6,"1":6,"2":6},"f":{},"b":{},"_coverageSchema":"1a1c01bbd47fc00a2c39e90264f33305004495a9","hash":"9c84d48d925448b94d12a2108ed1b1805ce5de9f"}
,"/mnt/c/users/Nathan Huang/FitForge/backend/models/Split.js": {"path":"/mnt/c/users/Nathan Huang/FitForge/backend/models/Split.js","statementMap":{"0":{"start":{"line":1,"column":17},"end":{"line":1,"column":36}},"1":{"start":{"line":3,"column":20},"end":{"line":23,"column":1}},"2":{"start":{"line":25,"column":0},"end":{"line":25,"column":54}}},"fnMap":{},"branchMap":{},"s":{"0":6,"1":6,"2":6},"f":{},"b":{},"_coverageSchema":"1a1c01bbd47fc00a2c39e90264f33305004495a9","hash":"9fa32a48c7013c75253e9b2b24b8e61cc675cf5b"}
,"/mnt/c/users/Nathan Huang/FitForge/backend/models/User.js": {"path":"/mnt/c/users/Nathan Huang/FitForge/backend/models/User.js","statementMap":{"0":{"start":{"line":1,"column":17},"end":{"line":1,"column":36}},"1":{"start":{"line":3,"column":19},"end":{"line":51,"column":1}},"2":{"start":{"line":53,"column":0},"end":{"line":53,"column":52}}},"fnMap":{},"branchMap":{},"s":{"0":6,"1":6,"2":6},"f":{},"b":{},"_coverageSchema":"1a1c01bbd47fc00a2c39e90264f33305004495a9","hash":"53b3c5f18cdefe3ddd1efca799813f0365a1d04f"}
,"/mnt/c/users/Nathan Huang/FitForge/backend/models/Workout.js": {"path":"/mnt/c/users/Nathan Huang/FitForge/backend/models/Workout.js","statementMap":{"0":{"start":{"line":1,"column":17},"end":{"line":1,"column":36}},"1":{"start":{"line":3,"column":22},"end":{"line":23,"column":1}},"2":{"start":{"line":25,"column":0},"end":{"line":25,"column":58}}},"fnMap":{},"branchMap":{},"s":{"0":6,"1":6,"2":6},"f":{},"b":{},"_coverageSchema":"1a1c01bbd47fc00a2c39e90264f33305004495a9","hash":"c7cb1b034e1eabf1c6530a855f4ebad5364f5eff"}
,"/mnt/c/users/Nathan Huang/FitForge/backend/routes/ai.js": {"path":"/mnt/c/users/Nathan Huang/FitForge/backend/routes/ai.js","statementMap":{"0":{"start":{"line":1,"column":16},"end":{"line":1,"column":34}},"1":{"start":{"line":2,"column":17},"end":{"line":2,"column":46}},"2":{"start":{"line":3,"column":20},"end":{"line":3,"column":59}},"3":{"start":{"line":4,"column":16},"end":{"line":4,"column":44}},"4":{"start":{"line":5,"column":14},"end":{"line":5,"column":40}},"5":{"start":{"line":7,"column":15},"end":{"line":7,"column":31}},"6":{"start":{"line":9,"column":20},"end":{"line":18,"column":1}},"7":{"start":{"line":10,"column":21},"end":{"line":10,"column":38}},"8":{"start":{"line":11,"column":20},"end":{"line":11,"column":41}},"9":{"start":{"line":13,"column":2},"end":{"line":15,"column":3}},"10":{"start":{"line":14,"column":4},"end":{"line":14,"column":57}},"11":{"start":{"line":17,"column":2},"end":{"line":17,"column":59}},"12":{"start":{"line":20,"column":0},"end":{"line":178,"column":3}},"13":{"start":{"line":21,"column":18},"end":{"line":21,"column":47}},"14":{"start":{"line":30,"column":6},"end":{"line":30,"column":13}},"15":{"start":{"line":33,"column":4},"end":{"line":39,"column":10}},"16":{"start":{"line":36,"column":41},"end":{"line":36,"column":62}},"17":{"start":{"line":41,"column":20},"end":{"line":43,"column":48}},"18":{"start":{"line":45,"column":2},"end":{"line":49,"column":3}},"19":{"start":{"line":46,"column":4},"end":{"line":48,"column":7}},"20":{"start":{"line":51,"column":26},"end":{"line":57,"column":5}},"21":{"start":{"line":51,"column":55},"end":{"line":57,"column":3}},"22":{"start":{"line":59,"column":23},"end":{"line":72,"column":1}},"23":{"start":{"line":74,"column":21},"end":{"line":112,"column":1}},"24":{"start":{"line":114,"column":22},"end":{"line":131,"column":4}},"25":{"start":{"line":133,"column":18},"end":{"line":133,"column":42}},"26":{"start":{"line":135,"column":2},"end":{"line":150,"column":3}},"27":{"start":{"line":136,"column":4},"end":{"line":136,"column":53}},"28":{"start":{"line":137,"column":4},"end":{"line":137,"column":74}},"29":{"start":{"line":138,"column":4},"end":{"line":138,"column":111}},"30":{"start":{"line":139,"column":4},"end":{"line":139,"column":107}},"31":{"start":{"line":140,"column":4},"end":{"line":140,"column":75}},"32":{"start":{"line":142,"column":4},"end":{"line":149,"column":7}},"33":{"start":{"line":152,"column":18},"end":{"line":152,"column":56}},"34":{"start":{"line":154,"column":2},"end":{"line":158,"column":3}},"35":{"start":{"line":155,"column":4},"end":{"line":157,"column":7}},"36":{"start":{"line":160,"column":15},"end":{"line":160,"column":35}},"37":{"start":{"line":162,"column":27},"end":{"line":162,"column":82}},"38":{"start":{"line":162,"column":69},"end":{"line":162,"column":80}},"39":{"start":{"line":164,"column":2},"end":{"line":173,"column":3}},"40":{"start":{"line":165,"column":4},"end":{"line":172,"column":5}},"41":{"start":{"line":166,"column":6},"end":{"line":171,"column":7}},"42":{"start":{"line":167,"column":8},"end":{"line":170,"column":11}},"43":{"start":{"line":175,"column":2},"end":{"line":177,"column":5}},"44":{"start":{"line":180,"column":0},"end":{"line":212,"column":3}},"45":{"start":{"line":181,"column":19},"end":{"line":181,"column":27}},"46":{"start":{"line":183,"column":2},"end":{"line":185,"column":3}},"47":{"start":{"line":184,"column":4},"end":{"line":184,"column":71}},"48":{"start":{"line":187,"column":26},"end":{"line":187,"column":28}},"49":{"start":{"line":189,"column":2},"end":{"line":199,"column":3}},"50":{"start":{"line":190,"column":24},"end":{"line":190,"column":84}},"51":{"start":{"line":190,"column":64},"end":{"line":190,"column":83}},"52":{"start":{"line":192,"column":20},"end":{"line":196,"column":6}},"53":{"start":{"line":198,"column":4},"end":{"line":198,"column":34}},"54":{"start":{"line":201,"column":16},"end":{"line":205,"column":4}},"55":{"start":{"line":204,"column":47},"end":{"line":204,"column":58}},"56":{"start":{"line":207,"column":2},"end":{"line":211,"column":5}},"57":{"start":{"line":214,"column":0},"end":{"line":214,"column":24}}},"fnMap":{"0":{"name":"(anonymous_0)","decl":{"start":{"line":9,"column":20},"end":{"line":9,"column":21}},"loc":{"start":{"line":9,"column":30},"end":{"line":18,"column":1}},"line":9},"1":{"name":"(anonymous_1)","decl":{"start":{"line":20,"column":42},"end":{"line":20,"column":43}},"loc":{"start":{"line":20,"column":62},"end":{"line":178,"column":1}},"line":20},"2":{"name":"(anonymous_2)","decl":{"start":{"line":36,"column":31},"end":{"line":36,"column":32}},"loc":{"start":{"line":36,"column":41},"end":{"line":36,"column":62}},"line":36},"3":{"name":"(anonymous_3)","decl":{"start":{"line":51,"column":40},"end":{"line":51,"column":41}},"loc":{"start":{"line":51,"column":55},"end":{"line":57,"column":3}},"line":51},"4":{"name":"(anonymous_4)","decl":{"start":{"line":162,"column":55},"end":{"line":162,"column":56}},"loc":{"start":{"line":162,"column":69},"end":{"line":162,"column":80}},"line":162},"5":{"name":"(anonymous_5)","decl":{"start":{"line":180,"column":45},"end":{"line":180,"column":46}},"loc":{"start":{"line":180,"column":65},"end":{"line":212,"column":1}},"line":180},"6":{"name":"(anonymous_6)","decl":{"start":{"line":190,"column":50},"end":{"line":190,"column":51}},"loc":{"start":{"line":190,"column":64},"end":{"line":190,"column":83}},"line":190},"7":{"name":"(anonymous_7)","decl":{"start":{"line":204,"column":34},"end":{"line":204,"column":35}},"loc":{"start":{"line":204,"column":47},"end":{"line":204,"column":58}},"line":204}},"branchMap":{"0":{"loc":{"start":{"line":13,"column":2},"end":{"line":15,"column":3}},"type":"if","locations":[{"start":{"line":13,"column":2},"end":{"line":15,"column":3}},{"start":{},"end":{}}],"line":13},"1":{"loc":{"start":{"line":13,"column":6},"end":{"line":13,"column":43}},"type":"binary-expr","locations":[{"start":{"line":13,"column":6},"end":{"line":13,"column":23}},{"start":{"line":13,"column":27},"end":{"line":13,"column":43}}],"line":13},"2":{"loc":{"start":{"line":21,"column":18},"end":{"line":21,"column":47}},"type":"binary-expr","locations":[{"start":{"line":21,"column":18},"end":{"line":21,"column":41}},{"start":{"line":21,"column":45},"end":{"line":21,"column":47}}],"line":21},"3":{"loc":{"start":{"line":24,"column":4},"end":{"line":24,"column":28}},"type":"default-arg","locations":[{"start":{"line":24,"column":11},"end":{"line":24,"column":28}}],"line":24},"4":{"loc":{"start":{"line":25,"column":4},"end":{"line":25,"column":32}},"type":"default-arg","locations":[{"start":{"line":25,"column":22},"end":{"line":25,"column":32}}],"line":25},"5":{"loc":{"start":{"line":26,"column":4},"end":{"line":26,"column":19}},"type":"default-arg","locations":[{"start":{"line":26,"column":18},"end":{"line":26,"column":19}}],"line":26},"6":{"loc":{"start":{"line":27,"column":4},"end":{"line":27,"column":29}},"type":"default-arg","locations":[{"start":{"line":27,"column":27},"end":{"line":27,"column":29}}],"line":27},"7":{"loc":{"start":{"line":28,"column":4},"end":{"line":28,"column":18}},"type":"default-arg","locations":[{"start":{"line":28,"column":16},"end":{"line":28,"column":18}}],"line":28},"8":{"loc":{"start":{"line":29,"column":4},"end":{"line":29,"column":20}},"type":"default-arg","locations":[{"start":{"line":29,"column":18},"end":{"line":29,"column":20}}],"line":29},"9":{"loc":{"start":{"line":33,"column":4},"end":{"line":39,"column":10}},"type":"cond-expr","locations":[{"start":{"line":34,"column":8},"end":{"line":38,"column":9}},{"start":{"line":39,"column":8},"end":{"line":39,"column":10}}],"line":33},"10":{"loc":{"start":{"line":45,"column":2},"end":{"line":49,"column":3}},"type":"if","locations":[{"start":{"line":45,"column":2},"end":{"line":49,"column":3}},{"start":{},"end":{}}],"line":45},"11":{"loc":{"start":{"line":82,"column":15},"end":{"line":82,"column":54}},"type":"binary-expr","locations":[{"start":{"line":82,"column":15},"end":{"line":82,"column":35}},{"start":{"line":82,"column":39},"end":{"line":82,"column":54}}],"line":82},"12":{"loc":{"start":{"line":83,"column":17},"end":{"line":83,"column":49}},"type":"binary-expr","locations":[{"start":{"line":83,"column":17},"end":{"line":83,"column":39}},{"start":{"line":83,"column":43},"end":{"line":83,"column":49}}],"line":83},"13":{"loc":{"start":{"line":135,"column":2},"end":{"line":150,"column":3}},"type":"if","locations":[{"start":{"line":135,"column":2},"end":{"line":150,"column":3}},{"start":{},"end":{}}],"line":135},"14":{"loc":{"start":{"line":142,"column":22},"end":{"line":142,"column":60}},"type":"cond-expr","locations":[{"start":{"line":142,"column":51},"end":{"line":142,"column":54}},{"start":{"line":142,"column":57},"end":{"line":142,"column":60}}],"line":142},"15":{"loc":{"start":{"line":144,"column":8},"end":{"line":146,"column":32}},"type":"cond-expr","locations":[{"start":{"line":145,"column":12},"end":{"line":145,"column":56}},{"start":{"line":146,"column":12},"end":{"line":146,"column":32}}],"line":144},"16":{"loc":{"start":{"line":154,"column":2},"end":{"line":158,"column":3}},"type":"if","locations":[{"start":{"line":154,"column":2},"end":{"line":158,"column":3}},{"start":{},"end":{}}],"line":154},"17":{"loc":{"start":{"line":164,"column":20},"end":{"line":164,"column":35}},"type":"binary-expr","locations":[{"start":{"line":164,"column":20},"end":{"line":164,"column":29}},{"start":{"line":164,"column":33},"end":{"line":164,"column":35}}],"line":164},"18":{"loc":{"start":{"line":165,"column":27},"end":{"line":165,"column":46}},"type":"binary-expr","locations":[{"start":{"line":165,"column":27},"end":{"line":165,"column":40}},{"start":{"line":165,"column":44},"end":{"line":165,"column":46}}],"line":165},"19":{"loc":{"start":{"line":166,"column":6},"end":{"line":171,"column":7}},"type":"if","locations":[{"start":{"line":166,"column":6},"end":{"line":171,"column":7}},{"start":{},"end":{}}],"line":166},"20":{"loc":{"start":{"line":183,"column":2},"end":{"line":185,"column":3}},"type":"if","locations":[{"start":{"line":183,"column":2},"end":{"line":185,"column":3}},{"start":{},"end":{}}],"line":183},"21":{"loc":{"start":{"line":183,"column":6},"end":{"line":183,"column":40}},"type":"binary-expr","locations":[{"start":{"line":183,"column":6},"end":{"line":183,"column":11}},{"start":{"line":183,"column":15},"end":{"line":183,"column":40}}],"line":183},"22":{"loc":{"start":{"line":190,"column":25},"end":{"line":190,"column":44}},"type":"binary-expr","locations":[{"start":{"line":190,"column":25},"end":{"line":190,"column":38}},{"start":{"line":190,"column":42},"end":{"line":190,"column":44}}],"line":190},"23":{"loc":{"start":{"line":194,"column":12},"end":{"line":194,"column":40}},"type":"binary-expr","locations":[{"start":{"line":194,"column":12},"end":{"line":194,"column":20}},{"start":{"line":194,"column":24},"end":{"line":194,"column":40}}],"line":194},"24":{"loc":{"start":{"line":203,"column":10},"end":{"line":203,"column":49}},"type":"binary-expr","locations":[{"start":{"line":203,"column":10},"end":{"line":203,"column":26}},{"start":{"line":203,"column":30},"end":{"line":203,"column":49}}],"line":203}},"s":{"0":6,"1":6,"2":6,"3":6,"4":6,"5":6,"6":6,"7":4,"8":4,"9":4,"10":1,"11":3,"12":6,"13":8,"14":8,"15":8,"16":1,"17":8,"18":8,"19":1,"20":7,"21":7,"22":7,"23":7,"24":7,"25":6,"26":6,"27":1,"28":1,"29":1,"30":1,"31":1,"32":1,"33":5,"34":5,"35":1,"36":4,"37":3,"38":3,"39":3,"40":3,"41":3,"42":1,"43":2,"44":6,"45":2,"46":2,"47":1,"48":1,"49":1,"50":1,"51":1,"52":1,"53":1,"54":1,"55":1,"56":1,"57":6},"f":{"0":4,"1":8,"2":1,"3":7,"4":3,"5":2,"6":1,"7":1},"b":{"0":[1,3],"1":[4,3],"2":[8,0],"3":[0],"4":[0],"5":[0],"6":[0],"7":[0],"8":[0],"9":[1,7],"10":[1,7],"11":[7,6],"12":[7,7],"13":[1,5],"14":[1,0],"15":[1,0],"16":[1,4],"17":[3,0],"18":[3,0],"19":[1,2],"20":[1,1],"21":[2,2],"22":[1,0],"23":[1,0],"24":[1,0]},"_coverageSchema":"1a1c01bbd47fc00a2c39e90264f33305004495a9","hash":"960e258580e978209e861d0f84e7a6cbe9374cd2"}
,"/mnt/c/users/Nathan Huang/FitForge/backend/routes/auth.js": {"path":"/mnt/c/users/Nathan Huang/FitForge/backend/routes/auth.js","statementMap":{"0":{"start":{"line":1,"column":16},"end":{"line":1,"column":34}},"1":{"start":{"line":2,"column":15},"end":{"line":2,"column":34}},"2":{"start":{"line":3,"column":12},"end":{"line":3,"column":35}},"3":{"start":{"line":4,"column":13},"end":{"line":4,"column":38}},"4":{"start":{"line":5,"column":20},"end":{"line":5,"column":59}},"5":{"start":{"line":7,"column":15},"end":{"line":7,"column":31}},"6":{"start":{"line":9,"column":20},"end":{"line":13,"column":1}},"7":{"start":{"line":10,"column":4},"end":{"line":12,"column":7}},"8":{"start":{"line":15,"column":22},"end":{"line":20,"column":2}},"9":{"start":{"line":15,"column":33},"end":{"line":20,"column":1}},"10":{"start":{"line":22,"column":0},"end":{"line":52,"column":3}},"11":{"start":{"line":23,"column":42},"end":{"line":23,"column":50}},"12":{"start":{"line":25,"column":8},"end":{"line":27,"column":9}},"13":{"start":{"line":26,"column":12},"end":{"line":26,"column":95}},"14":{"start":{"line":29,"column":8},"end":{"line":31,"column":9}},"15":{"start":{"line":30,"column":12},"end":{"line":30,"column":95}},"16":{"start":{"line":33,"column":29},"end":{"line":33,"column":58}},"17":{"start":{"line":35,"column":8},"end":{"line":37,"column":9}},"18":{"start":{"line":36,"column":12},"end":{"line":36,"column":81}},"19":{"start":{"line":39,"column":29},"end":{"line":39,"column":60}},"20":{"start":{"line":41,"column":21},"end":{"line":45,"column":10}},"21":{"start":{"line":47,"column":8},"end":{"line":50,"column":11}},"22":{"start":{"line":54,"column":0},"end":{"line":77,"column":3}},"23":{"start":{"line":55,"column":36},"end":{"line":55,"column":44}},"24":{"start":{"line":57,"column":8},"end":{"line":59,"column":9}},"25":{"start":{"line":58,"column":12},"end":{"line":58,"column":88}},"26":{"start":{"line":61,"column":21},"end":{"line":61,"column":50}},"27":{"start":{"line":63,"column":8},"end":{"line":65,"column":9}},"28":{"start":{"line":64,"column":12},"end":{"line":64,"column":82}},"29":{"start":{"line":67,"column":32},"end":{"line":67,"column":81}},"30":{"start":{"line":69,"column":8},"end":{"line":71,"column":9}},"31":{"start":{"line":70,"column":12},"end":{"line":70,"column":82}},"32":{"start":{"line":73,"column":8},"end":{"line":76,"column":11}},"33":{"start":{"line":79,"column":0},"end":{"line":83,"column":3}},"34":{"start":{"line":80,"column":4},"end":{"line":82,"column":7}},"35":{"start":{"line":85,"column":0},"end":{"line":116,"column":3}},"36":{"start":{"line":94,"column":12},"end":{"line":94,"column":20}},"37":{"start":{"line":96,"column":21},"end":{"line":96,"column":54}},"38":{"start":{"line":98,"column":8},"end":{"line":100,"column":9}},"39":{"start":{"line":99,"column":12},"end":{"line":99,"column":71}},"40":{"start":{"line":102,"column":8},"end":{"line":110,"column":10}},"41":{"start":{"line":112,"column":8},"end":{"line":112,"column":26}},"42":{"start":{"line":114,"column":8},"end":{"line":114,"column":60}},"43":{"start":{"line":118,"column":0},"end":{"line":118,"column":24}}},"fnMap":{"0":{"name":"(anonymous_0)","decl":{"start":{"line":9,"column":20},"end":{"line":9,"column":21}},"loc":{"start":{"line":9,"column":32},"end":{"line":13,"column":1}},"line":9},"1":{"name":"(anonymous_1)","decl":{"start":{"line":15,"column":22},"end":{"line":15,"column":23}},"loc":{"start":{"line":15,"column":33},"end":{"line":20,"column":1}},"line":15},"2":{"name":"(anonymous_2)","decl":{"start":{"line":22,"column":25},"end":{"line":22,"column":26}},"loc":{"start":{"line":22,"column":45},"end":{"line":52,"column":1}},"line":22},"3":{"name":"(anonymous_3)","decl":{"start":{"line":54,"column":22},"end":{"line":54,"column":23}},"loc":{"start":{"line":54,"column":42},"end":{"line":77,"column":1}},"line":54},"4":{"name":"(anonymous_4)","decl":{"start":{"line":79,"column":27},"end":{"line":79,"column":28}},"loc":{"start":{"line":79,"column":47},"end":{"line":83,"column":1}},"line":79},"5":{"name":"(anonymous_5)","decl":{"start":{"line":85,"column":32},"end":{"line":85,"column":33}},"loc":{"start":{"line":85,"column":52},"end":{"line":116,"column":1}},"line":85}},"branchMap":{"0":{"loc":{"start":{"line":25,"column":8},"end":{"line":27,"column":9}},"type":"if","locations":[{"start":{"line":25,"column":8},"end":{"line":27,"column":9}},{"start":{},"end":{}}],"line":25},"1":{"loc":{"start":{"line":25,"column":12},"end":{"line":25,"column":40}},"type":"binary-expr","locations":[{"start":{"line":25,"column":12},"end":{"line":25,"column":17}},{"start":{"line":25,"column":21},"end":{"line":25,"column":27}},{"start":{"line":25,"column":31},"end":{"line":25,"column":40}}],"line":25},"2":{"loc":{"start":{"line":29,"column":8},"end":{"line":31,"column":9}},"type":"if","locations":[{"start":{"line":29,"column":8},"end":{"line":31,"column":9}},{"start":{},"end":{}}],"line":29},"3":{"loc":{"start":{"line":35,"column":8},"end":{"line":37,"column":9}},"type":"if","locations":[{"start":{"line":35,"column":8},"end":{"line":37,"column":9}},{"start":{},"end":{}}],"line":35},"4":{"loc":{"start":{"line":57,"column":8},"end":{"line":59,"column":9}},"type":"if","locations":[{"start":{"line":57,"column":8},"end":{"line":59,"column":9}},{"start":{},"end":{}}],"line":57},"5":{"loc":{"start":{"line":57,"column":12},"end":{"line":57,"column":31}},"type":"binary-expr","locations":[{"start":{"line":57,"column":12},"end":{"line":57,"column":18}},{"start":{"line":57,"column":22},"end":{"line":57,"column":31}}],"line":57},"6":{"loc":{"start":{"line":63,"column":8},"end":{"line":65,"column":9}},"type":"if","locations":[{"start":{"line":63,"column":8},"end":{"line":65,"column":9}},{"start":{},"end":{}}],"line":63},"7":{"loc":{"start":{"line":69,"column":8},"end":{"line":71,"column":9}},"type":"if","locations":[{"start":{"line":69,"column":8},"end":{"line":71,"column":9}},{"start":{},"end":{}}],"line":69},"8":{"loc":{"start":{"line":98,"column":8},"end":{"line":100,"column":9}},"type":"if","locations":[{"start":{"line":98,"column":8},"end":{"line":100,"column":9}},{"start":{},"end":{}}],"line":98}},"s":{"0":6,"1":6,"2":6,"3":6,"4":6,"5":6,"6":6,"7":56,"8":6,"9":59,"10":6,"11":58,"12":58,"13":1,"14":57,"15":1,"16":56,"17":56,"18":1,"19":55,"20":55,"21":55,"22":6,"23":4,"24":4,"25":1,"26":3,"27":3,"28":1,"29":2,"30":2,"31":1,"32":1,"33":6,"34":1,"35":6,"36":2,"37":2,"38":2,"39":0,"40":2,"41":2,"42":2,"43":6},"f":{"0":56,"1":59,"2":58,"3":4,"4":1,"5":2},"b":{"0":[1,57],"1":[58,57,57],"2":[1,56],"3":[1,55],"4":[1,3],"5":[4,4],"6":[1,2],"7":[1,1],"8":[0,2]},"_coverageSchema":"1a1c01bbd47fc00a2c39e90264f33305004495a9","hash":"bb8cb07f479a2ede43add7bff010827df682fb86"}
,"/mnt/c/users/Nathan Huang/FitForge/backend/routes/exercises.js": {"path":"/mnt/c/users/Nathan Huang/FitForge/backend/routes/exercises.js","statementMap":{"0":{"start":{"line":1,"column":16},"end":{"line":1,"column":34}},"1":{"start":{"line":2,"column":17},"end":{"line":2,"column":46}},"2":{"start":{"line":4,"column":15},"end":{"line":4,"column":31}},"3":{"start":{"line":7,"column":0},"end":{"line":31,"column":3}},"4":{"start":{"line":8,"column":44},"end":{"line":8,"column":53}},"5":{"start":{"line":10,"column":14},"end":{"line":10,"column":16}},"6":{"start":{"line":11,"column":2},"end":{"line":20,"column":3}},"7":{"start":{"line":12,"column":4},"end":{"line":19,"column":6}},"8":{"start":{"line":22,"column":22},"end":{"line":29,"column":6}},"9":{"start":{"line":30,"column":4},"end":{"line":30,"column":36}},"10":{"start":{"line":33,"column":0},"end":{"line":33,"column":24}}},"fnMap":{"0":{"name":"(anonymous_0)","decl":{"start":{"line":7,"column":16},"end":{"line":7,"column":17}},"loc":{"start":{"line":7,"column":36},"end":{"line":31,"column":1}},"line":7}},"branchMap":{"0":{"loc":{"start":{"line":8,"column":18},"end":{"line":8,"column":26}},"type":"default-arg","locations":[{"start":{"line":8,"column":25},"end":{"line":8,"column":26}}],"line":8},"1":{"loc":{"start":{"line":8,"column":28},"end":{"line":8,"column":39}},"type":"default-arg","locations":[{"start":{"line":8,"column":36},"end":{"line":8,"column":39}}],"line":8},"2":{"loc":{"start":{"line":11,"column":2},"end":{"line":20,"column":3}},"type":"if","locations":[{"start":{"line":11,"column":2},"end":{"line":20,"column":3}},{"start":{},"end":{}}],"line":11}},"s":{"0":6,"1":6,"2":6,"3":6,"4":3,"5":3,"6":3,"7":1,"8":3,"9":3,"10":6},"f":{"0":3},"b":{"0":[2],"1":[2],"2":[1,2]},"_coverageSchema":"1a1c01bbd47fc00a2c39e90264f33305004495a9","hash":"c11eca912e5fdd851e2d51b3878275f9076d28da"}
,"/mnt/c/users/Nathan Huang/FitForge/backend/routes/splits.js": {"path":"/mnt/c/users/Nathan Huang/FitForge/backend/routes/splits.js","statementMap":{"0":{"start":{"line":1,"column":16},"end":{"line":1,"column":34}},"1":{"start":{"line":2,"column":14},"end":{"line":2,"column":40}},"2":{"start":{"line":3,"column":17},"end":{"line":3,"column":46}},"3":{"start":{"line":4,"column":20},"end":{"line":4,"column":59}},"4":{"start":{"line":6,"column":15},"end":{"line":6,"column":31}},"5":{"start":{"line":9,"column":0},"end":{"line":31,"column":3}},"6":{"start":{"line":10,"column":29},"end":{"line":10,"column":37}},"7":{"start":{"line":12,"column":2},"end":{"line":14,"column":3}},"8":{"start":{"line":13,"column":4},"end":{"line":13,"column":71}},"9":{"start":{"line":16,"column":2},"end":{"line":18,"column":3}},"10":{"start":{"line":17,"column":4},"end":{"line":17,"column":74}},"11":{"start":{"line":20,"column":21},"end":{"line":24,"column":6}},"12":{"start":{"line":26,"column":4},"end":{"line":26,"column":26}},"13":{"start":{"line":28,"column":27},"end":{"line":28,"column":82}},"14":{"start":{"line":30,"column":4},"end":{"line":30,"column":41}},"15":{"start":{"line":34,"column":0},"end":{"line":38,"column":3}},"16":{"start":{"line":35,"column":19},"end":{"line":35,"column":82}},"17":{"start":{"line":36,"column":4},"end":{"line":36,"column":33}},"18":{"start":{"line":41,"column":0},"end":{"line":64,"column":3}},"19":{"start":{"line":42,"column":18},"end":{"line":45,"column":27}},"20":{"start":{"line":47,"column":4},"end":{"line":49,"column":5}},"21":{"start":{"line":48,"column":6},"end":{"line":48,"column":66}},"22":{"start":{"line":51,"column":21},"end":{"line":51,"column":37}},"23":{"start":{"line":52,"column":24},"end":{"line":52,"column":75}},"24":{"start":{"line":52,"column":57},"end":{"line":52,"column":74}},"25":{"start":{"line":54,"column":4},"end":{"line":61,"column":5}},"26":{"start":{"line":55,"column":24},"end":{"line":55,"column":73}},"27":{"start":{"line":56,"column":19},"end":{"line":56,"column":59}},"28":{"start":{"line":56,"column":48},"end":{"line":56,"column":57}},"29":{"start":{"line":57,"column":6},"end":{"line":60,"column":10}},"30":{"start":{"line":57,"column":56},"end":{"line":60,"column":7}},"31":{"start":{"line":59,"column":51},"end":{"line":59,"column":63}},"32":{"start":{"line":63,"column":4},"end":{"line":63,"column":35}},"33":{"start":{"line":67,"column":0},"end":{"line":78,"column":3}},"34":{"start":{"line":68,"column":18},"end":{"line":71,"column":27}},"35":{"start":{"line":73,"column":4},"end":{"line":75,"column":5}},"36":{"start":{"line":74,"column":6},"end":{"line":74,"column":66}},"37":{"start":{"line":77,"column":4},"end":{"line":77,"column":32}},"38":{"start":{"line":81,"column":0},"end":{"line":113,"column":3}},"39":{"start":{"line":82,"column":29},"end":{"line":82,"column":37}},"40":{"start":{"line":84,"column":2},"end":{"line":86,"column":3}},"41":{"start":{"line":85,"column":4},"end":{"line":85,"column":71}},"42":{"start":{"line":88,"column":2},"end":{"line":90,"column":3}},"43":{"start":{"line":89,"column":4},"end":{"line":89,"column":74}},"44":{"start":{"line":92,"column":18},"end":{"line":105,"column":26}},"45":{"start":{"line":107,"column":4},"end":{"line":109,"column":5}},"46":{"start":{"line":108,"column":6},"end":{"line":108,"column":66}},"47":{"start":{"line":111,"column":4},"end":{"line":111,"column":32}},"48":{"start":{"line":116,"column":0},"end":{"line":127,"column":3}},"49":{"start":{"line":117,"column":18},"end":{"line":120,"column":6}},"50":{"start":{"line":122,"column":4},"end":{"line":124,"column":5}},"51":{"start":{"line":123,"column":6},"end":{"line":123,"column":66}},"52":{"start":{"line":126,"column":4},"end":{"line":126,"column":68}},"53":{"start":{"line":129,"column":0},"end":{"line":129,"column":24}}},"fnMap":{"0":{"name":"(anonymous_0)","decl":{"start":{"line":9,"column":26},"end":{"line":9,"column":27}},"loc":{"start":{"line":9,"column":46},"end":{"line":31,"column":1}},"line":9},"1":{"name":"(anonymous_1)","decl":{"start":{"line":34,"column":25},"end":{"line":34,"column":26}},"loc":{"start":{"line":34,"column":45},"end":{"line":38,"column":1}},"line":34},"2":{"name":"(anonymous_2)","decl":{"start":{"line":41,"column":36},"end":{"line":41,"column":37}},"loc":{"start":{"line":41,"column":56},"end":{"line":64,"column":1}},"line":41},"3":{"name":"(anonymous_3)","decl":{"start":{"line":52,"column":50},"end":{"line":52,"column":51}},"loc":{"start":{"line":52,"column":57},"end":{"line":52,"column":74}},"line":52},"4":{"name":"(anonymous_4)","decl":{"start":{"line":56,"column":41},"end":{"line":56,"column":42}},"loc":{"start":{"line":56,"column":48},"end":{"line":56,"column":57}},"line":56},"5":{"name":"(anonymous_5)","decl":{"start":{"line":57,"column":48},"end":{"line":57,"column":49}},"loc":{"start":{"line":57,"column":56},"end":{"line":60,"column":7}},"line":57},"6":{"name":"(anonymous_6)","decl":{"start":{"line":59,"column":43},"end":{"line":59,"column":44}},"loc":{"start":{"line":59,"column":51},"end":{"line":59,"column":63}},"line":59},"7":{"name":"(anonymous_7)","decl":{"start":{"line":67,"column":28},"end":{"line":67,"column":29}},"loc":{"start":{"line":67,"column":48},"end":{"line":78,"column":1}},"line":67},"8":{"name":"(anonymous_8)","decl":{"start":{"line":81,"column":28},"end":{"line":81,"column":29}},"loc":{"start":{"line":81,"column":48},"end":{"line":113,"column":1}},"line":81},"9":{"name":"(anonymous_9)","decl":{"start":{"line":116,"column":31},"end":{"line":116,"column":32}},"loc":{"start":{"line":116,"column":51},"end":{"line":127,"column":1}},"line":116}},"branchMap":{"0":{"loc":{"start":{"line":12,"column":2},"end":{"line":14,"column":3}},"type":"if","locations":[{"start":{"line":12,"column":2},"end":{"line":14,"column":3}},{"start":{},"end":{}}],"line":12},"1":{"loc":{"start":{"line":12,"column":6},"end":{"line":12,"column":27}},"type":"binary-expr","locations":[{"start":{"line":12,"column":6},"end":{"line":12,"column":11}},{"start":{"line":12,"column":15},"end":{"line":12,"column":27}}],"line":12},"2":{"loc":{"start":{"line":16,"column":2},"end":{"line":18,"column":3}},"type":"if","locations":[{"start":{"line":16,"column":2},"end":{"line":18,"column":3}},{"start":{},"end":{}}],"line":16},"3":{"loc":{"start":{"line":47,"column":4},"end":{"line":49,"column":5}},"type":"if","locations":[{"start":{"line":47,"column":4},"end":{"line":49,"column":5}},{"start":{},"end":{}}],"line":47},"4":{"loc":{"start":{"line":52,"column":57},"end":{"line":52,"column":74}},"type":"binary-expr","locations":[{"start":{"line":52,"column":57},"end":{"line":52,"column":68}},{"start":{"line":52,"column":72},"end":{"line":52,"column":74}}],"line":52},"5":{"loc":{"start":{"line":54,"column":4},"end":{"line":61,"column":5}},"type":"if","locations":[{"start":{"line":54,"column":4},"end":{"line":61,"column":5}},{"start":{},"end":{}}],"line":54},"6":{"loc":{"start":{"line":59,"column":20},"end":{"line":59,"column":37}},"type":"binary-expr","locations":[{"start":{"line":59,"column":20},"end":{"line":59,"column":31}},{"start":{"line":59,"column":35},"end":{"line":59,"column":37}}],"line":59},"7":{"loc":{"start":{"line":73,"column":4},"end":{"line":75,"column":5}},"type":"if","locations":[{"start":{"line":73,"column":4},"end":{"line":75,"column":5}},{"start":{},"end":{}}],"line":73},"8":{"loc":{"start":{"line":84,"column":2},"end":{"line":86,"column":3}},"type":"if","locations":[{"start":{"line":84,"column":2},"end":{"line":86,"column":3}},{"start":{},"end":{}}],"line":84},"9":{"loc":{"start":{"line":84,"column":6},"end":{"line":84,"column":27}},"type":"binary-expr","locations":[{"start":{"line":84,"column":6},"end":{"line":84,"column":11}},{"start":{"line":84,"column":15},"end":{"line":84,"column":27}}],"line":84},"10":{"loc":{"start":{"line":88,"column":2},"end":{"line":90,"column":3}},"type":"if","locations":[{"start":{"line":88,"column":2},"end":{"line":90,"column":3}},{"start":{},"end":{}}],"line":88},"11":{"loc":{"start":{"line":107,"column":4},"end":{"line":109,"column":5}},"type":"if","locations":[{"start":{"line":107,"column":4},"end":{"line":109,"column":5}},{"start":{},"end":{}}],"line":107},"12":{"loc":{"start":{"line":122,"column":4},"end":{"line":124,"column":5}},"type":"if","locations":[{"start":{"line":122,"column":4},"end":{"line":124,"column":5}},{"start":{},"end":{}}],"line":122}},"s":{"0":6,"1":6,"2":6,"3":6,"4":6,"5":6,"6":12,"7":12,"8":1,"9":11,"10":1,"11":10,"12":10,"13":10,"14":10,"15":6,"16":1,"17":1,"18":6,"19":2,"20":2,"21":1,"22":1,"23":1,"24":1,"25":1,"26":1,"27":1,"28":1,"29":1,"30":1,"31":1,"32":1,"33":6,"34":3,"35":3,"36":2,"37":1,"38":6,"39":4,"40":4,"41":1,"42":3,"43":1,"44":2,"45":2,"46":1,"47":1,"48":6,"49":2,"50":2,"51":1,"52":1,"53":6},"f":{"0":12,"1":1,"2":2,"3":1,"4":1,"5":1,"6":1,"7":3,"8":4,"9":2},"b":{"0":[1,11],"1":[12,11],"2":[1,10],"3":[1,1],"4":[1,0],"5":[1,0],"6":[1,0],"7":[2,1],"8":[1,3],"9":[4,3],"10":[1,2],"11":[1,1],"12":[1,1]},"_coverageSchema":"1a1c01bbd47fc00a2c39e90264f33305004495a9","hash":"3f9beca440eb5cba6eac9c0fdba1c15b2985f866"}
,"/mnt/c/users/Nathan Huang/FitForge/backend/routes/workouts.js": {"path":"/mnt/c/users/Nathan Huang/FitForge/backend/routes/workouts.js","statementMap":{"0":{"start":{"line":1,"column":16},"end":{"line":1,"column":34}},"1":{"start":{"line":2,"column":17},"end":{"line":2,"column":46}},"2":{"start":{"line":3,"column":16},"end":{"line":3,"column":44}},"3":{"start":{"line":4,"column":20},"end":{"line":4,"column":59}},"4":{"start":{"line":6,"column":15},"end":{"line":6,"column":31}},"5":{"start":{"line":9,"column":0},"end":{"line":30,"column":3}},"6":{"start":{"line":10,"column":30},"end":{"line":10,"column":38}},"7":{"start":{"line":13,"column":2},"end":{"line":15,"column":3}},"8":{"start":{"line":14,"column":4},"end":{"line":14,"column":73}},"9":{"start":{"line":17,"column":2},"end":{"line":19,"column":3}},"10":{"start":{"line":18,"column":4},"end":{"line":18,"column":84}},"11":{"start":{"line":22,"column":20},"end":{"line":26,"column":6}},"12":{"start":{"line":27,"column":4},"end":{"line":27,"column":25}},"13":{"start":{"line":28,"column":4},"end":{"line":28,"column":34}},"14":{"start":{"line":33,"column":0},"end":{"line":50,"column":3}},"15":{"start":{"line":34,"column":21},"end":{"line":34,"column":65}},"16":{"start":{"line":37,"column":30},"end":{"line":47,"column":5}},"17":{"start":{"line":39,"column":26},"end":{"line":41,"column":10}},"18":{"start":{"line":42,"column":8},"end":{"line":45,"column":10}},"19":{"start":{"line":49,"column":4},"end":{"line":49,"column":44}},"20":{"start":{"line":53,"column":0},"end":{"line":64,"column":3}},"21":{"start":{"line":55,"column":20},"end":{"line":58,"column":6}},"22":{"start":{"line":60,"column":4},"end":{"line":62,"column":5}},"23":{"start":{"line":61,"column":6},"end":{"line":61,"column":68}},"24":{"start":{"line":63,"column":4},"end":{"line":63,"column":34}},"25":{"start":{"line":67,"column":0},"end":{"line":99,"column":3}},"26":{"start":{"line":68,"column":30},"end":{"line":68,"column":38}},"27":{"start":{"line":70,"column":2},"end":{"line":72,"column":3}},"28":{"start":{"line":71,"column":4},"end":{"line":71,"column":73}},"29":{"start":{"line":74,"column":2},"end":{"line":76,"column":3}},"30":{"start":{"line":75,"column":4},"end":{"line":75,"column":84}},"31":{"start":{"line":79,"column":20},"end":{"line":92,"column":5}},"32":{"start":{"line":94,"column":4},"end":{"line":96,"column":5}},"33":{"start":{"line":95,"column":6},"end":{"line":95,"column":68}},"34":{"start":{"line":98,"column":4},"end":{"line":98,"column":34}},"35":{"start":{"line":102,"column":0},"end":{"line":115,"column":3}},"36":{"start":{"line":104,"column":20},"end":{"line":107,"column":6}},"37":{"start":{"line":109,"column":4},"end":{"line":111,"column":5}},"38":{"start":{"line":110,"column":6},"end":{"line":110,"column":68}},"39":{"start":{"line":113,"column":4},"end":{"line":113,"column":70}},"40":{"start":{"line":117,"column":0},"end":{"line":117,"column":24}}},"fnMap":{"0":{"name":"(anonymous_0)","decl":{"start":{"line":9,"column":26},"end":{"line":9,"column":27}},"loc":{"start":{"line":9,"column":46},"end":{"line":30,"column":1}},"line":9},"1":{"name":"(anonymous_1)","decl":{"start":{"line":33,"column":25},"end":{"line":33,"column":26}},"loc":{"start":{"line":33,"column":45},"end":{"line":50,"column":1}},"line":33},"2":{"name":"(anonymous_2)","decl":{"start":{"line":38,"column":19},"end":{"line":38,"column":20}},"loc":{"start":{"line":38,"column":38},"end":{"line":46,"column":7}},"line":38},"3":{"name":"(anonymous_3)","decl":{"start":{"line":53,"column":28},"end":{"line":53,"column":29}},"loc":{"start":{"line":53,"column":48},"end":{"line":64,"column":1}},"line":53},"4":{"name":"(anonymous_4)","decl":{"start":{"line":67,"column":28},"end":{"line":67,"column":29}},"loc":{"start":{"line":67,"column":48},"end":{"line":99,"column":1}},"line":67},"5":{"name":"(anonymous_5)","decl":{"start":{"line":102,"column":31},"end":{"line":102,"column":32}},"loc":{"start":{"line":102,"column":51},"end":{"line":115,"column":1}},"line":102}},"branchMap":{"0":{"loc":{"start":{"line":13,"column":2},"end":{"line":15,"column":3}},"type":"if","locations":[{"start":{"line":13,"column":2},"end":{"line":15,"column":3}},{"start":{},"end":{}}],"line":13},"1":{"loc":{"start":{"line":13,"column":6},"end":{"line":13,"column":27}},"type":"binary-expr","locations":[{"start":{"line":13,"column":6},"end":{"line":13,"column":11}},{"start":{"line":13,"column":15},"end":{"line":13,"column":27}}],"line":13},"2":{"loc":{"start":{"line":17,"column":2},"end":{"line":19,"column":3}},"type":"if","locations":[{"start":{"line":17,"column":2},"end":{"line":19,"column":3}},{"start":{},"end":{}}],"line":17},"3":{"loc":{"start":{"line":17,"column":6},"end":{"line":17,"column":57}},"type":"binary-expr","locations":[{"start":{"line":17,"column":6},"end":{"line":17,"column":31}},{"start":{"line":17,"column":35},"end":{"line":17,"column":57}}],"line":17},"4":{"loc":{"start":{"line":60,"column":4},"end":{"line":62,"column":5}},"type":"if","locations":[{"start":{"line":60,"column":4},"end":{"line":62,"column":5}},{"start":{},"end":{}}],"line":60},"5":{"loc":{"start":{"line":70,"column":2},"end":{"line":72,"column":3}},"type":"if","locations":[{"start":{"line":70,"column":2},"end":{"line":72,"column":3}},{"start":{},"end":{}}],"line":70},"6":{"loc":{"start":{"line":70,"column":6},"end":{"line":70,"column":27}},"type":"binary-expr","locations":[{"start":{"line":70,"column":6},"end":{"line":70,"column":11}},{"start":{"line":70,"column":15},"end":{"line":70,"column":27}}],"line":70},"7":{"loc":{"start":{"line":74,"column":2},"end":{"line":76,"column":3}},"type":"if","locations":[{"start":{"line":74,"column":2},"end":{"line":76,"column":3}},{"start":{},"end":{}}],"line":74},"8":{"loc":{"start":{"line":74,"column":6},"end":{"line":74,"column":57}},"type":"binary-expr","locations":[{"start":{"line":74,"column":6},"end":{"line":74,"column":31}},{"start":{"line":74,"column":35},"end":{"line":74,"column":57}}],"line":74},"9":{"loc":{"start":{"line":94,"column":4},"end":{"line":96,"column":5}},"type":"if","locations":[{"start":{"line":94,"column":4},"end":{"line":96,"column":5}},{"start":{},"end":{}}],"line":94},"10":{"loc":{"start":{"line":109,"column":4},"end":{"line":111,"column":5}},"type":"if","locations":[{"start":{"line":109,"column":4},"end":{"line":111,"column":5}},{"start":{},"end":{}}],"line":109}},"s":{"0":6,"1":6,"2":6,"3":6,"4":6,"5":6,"6":15,"7":15,"8":1,"9":14,"10":2,"11":12,"12":12,"13":12,"14":6,"15":1,"16":1,"17":1,"18":1,"19":1,"20":6,"21":6,"22":5,"23":3,"24":2,"25":6,"26":4,"27":4,"28":1,"29":3,"30":1,"31":2,"32":2,"33":1,"34":1,"35":6,"36":2,"37":2,"38":1,"39":1,"40":6},"f":{"0":15,"1":1,"2":1,"3":6,"4":4,"5":2},"b":{"0":[1,14],"1":[15,14],"2":[2,12],"3":[14,13],"4":[3,2],"5":[1,3],"6":[4,3],"7":[1,2],"8":[3,3],"9":[1,1],"10":[1,1]},"_coverageSchema":"1a1c01bbd47fc00a2c39e90264f33305004495a9","hash":"4e01a578f1f069b10bd102e6b3ed8954e91e8781"}
}
