TN:
SF:app.js
FN:19,(anonymous_0)
FN:25,(anonymous_1)
FN:42,(anonymous_2)
FNF:3
FNH:3
FNDA:6,(anonymous_0)
FNDA:143,(anonymous_1)
FNDA:1,(anonymous_2)
DA:1,6
DA:2,6
DA:3,6
DA:4,6
DA:5,6
DA:6,6
DA:8,6
DA:9,6
DA:10,6
DA:11,6
DA:12,6
DA:13,6
DA:15,6
DA:17,6
DA:19,6
DA:22,6
DA:23,6
DA:26,143
DA:27,1
DA:31,6
DA:33,6
DA:34,6
DA:35,6
DA:36,6
DA:37,6
DA:38,6
DA:41,6
DA:42,6
DA:43,1
DA:46,6
DA:47,6
DA:49,6
LF:32
LH:32
BRDA:17,0,0,6
BRDA:17,0,1,6
BRDA:26,1,0,142
BRDA:26,1,1,1
BRDA:26,2,0,143
BRDA:26,2,1,1
BRF:6
BRH:6
end_of_record
TN:
SF:middleware/authMiddleware.js
FN:4,(anonymous_0)
FNF:1
FNH:1
FNDA:76,(anonymous_0)
DA:1,6
DA:2,6
DA:4,6
DA:5,76
DA:6,76
DA:7,76
DA:8,8
DA:10,68
DA:11,68
DA:12,66
DA:13,66
DA:14,1
DA:16,65
DA:17,65
DA:19,2
DA:23,6
LF:16
LH:16
BRDA:7,0,0,8
BRDA:7,0,1,68
BRDA:7,1,0,76
BRDA:7,1,1,69
BRDA:13,2,0,1
BRDA:13,2,1,65
BRF:6
BRH:6
end_of_record
TN:
SF:middleware/errorHandler.js
FN:2,(anonymous_0)
FNF:1
FNH:1
FNDA:7,(anonymous_0)
DA:2,7
DA:3,7
DA:4,2
DA:6,5
DA:7,1
DA:9,4
DA:10,4
DA:13,7
LF:8
LH:8
BRDA:3,0,0,2
BRDA:3,0,1,5
BRDA:6,1,0,1
BRDA:6,1,1,4
BRF:4
BRH:4
end_of_record
TN:
SF:middleware/rateLimiters.js
FN:4,(anonymous_0)
FNF:1
FNH:1
FNDA:223,(anonymous_0)
DA:1,6
DA:4,223
DA:6,6
DA:15,6
DA:24,6
DA:33,6
LF:6
LH:6
BRF:0
BRH:0
end_of_record
TN:
SF:models/Exercise.js
FNF:0
FNH:0
DA:1,6
DA:3,6
DA:12,6
LF:3
LH:3
BRF:0
BRH:0
end_of_record
TN:
SF:models/Split.js
FNF:0
FNH:0
DA:1,6
DA:3,6
DA:25,6
LF:3
LH:3
BRF:0
BRH:0
end_of_record
TN:
SF:models/User.js
FNF:0
FNH:0
DA:1,6
DA:3,6
DA:53,6
LF:3
LH:3
BRF:0
BRH:0
end_of_record
TN:
SF:models/Workout.js
FNF:0
FNH:0
DA:1,6
DA:3,6
DA:25,6
LF:3
LH:3
BRF:0
BRH:0
end_of_record
TN:
SF:routes/ai.js
FN:9,(anonymous_0)
FN:20,(anonymous_1)
FN:36,(anonymous_2)
FN:51,(anonymous_3)
FN:162,(anonymous_4)
FN:180,(anonymous_5)
FN:190,(anonymous_6)
FN:204,(anonymous_7)
FNF:8
FNH:8
FNDA:4,(anonymous_0)
FNDA:8,(anonymous_1)
FNDA:1,(anonymous_2)
FNDA:7,(anonymous_3)
FNDA:3,(anonymous_4)
FNDA:2,(anonymous_5)
FNDA:1,(anonymous_6)
FNDA:1,(anonymous_7)
DA:1,6
DA:2,6
DA:3,6
DA:4,6
DA:5,6
DA:7,6
DA:9,6
DA:10,4
DA:11,4
DA:13,4
DA:14,1
DA:17,3
DA:20,6
DA:21,8
DA:30,8
DA:33,8
DA:36,1
DA:41,8
DA:45,8
DA:46,1
DA:51,7
DA:59,7
DA:74,7
DA:114,7
DA:133,6
DA:135,6
DA:136,1
DA:137,1
DA:138,1
DA:139,1
DA:140,1
DA:142,1
DA:152,5
DA:154,5
DA:155,1
DA:160,4
DA:162,3
DA:164,3
DA:165,3
DA:166,3
DA:167,1
DA:175,2
DA:180,6
DA:181,2
DA:183,2
DA:184,1
DA:187,1
DA:189,1
DA:190,1
DA:192,1
DA:198,1
DA:201,1
DA:204,1
DA:207,1
DA:214,6
LF:55
LH:55
BRDA:13,0,0,1
BRDA:13,0,1,3
BRDA:13,1,0,4
BRDA:13,1,1,3
BRDA:21,2,0,8
BRDA:21,2,1,0
BRDA:24,3,0,0
BRDA:25,4,0,0
BRDA:26,5,0,0
BRDA:27,6,0,0
BRDA:28,7,0,0
BRDA:29,8,0,0
BRDA:33,9,0,1
BRDA:33,9,1,7
BRDA:45,10,0,1
BRDA:45,10,1,7
BRDA:82,11,0,7
BRDA:82,11,1,6
BRDA:83,12,0,7
BRDA:83,12,1,7
BRDA:135,13,0,1
BRDA:135,13,1,5
BRDA:142,14,0,1
BRDA:142,14,1,0
BRDA:144,15,0,1
BRDA:144,15,1,0
BRDA:154,16,0,1
BRDA:154,16,1,4
BRDA:164,17,0,3
BRDA:164,17,1,0
BRDA:165,18,0,3
BRDA:165,18,1,0
BRDA:166,19,0,1
BRDA:166,19,1,2
BRDA:183,20,0,1
BRDA:183,20,1,1
BRDA:183,21,0,2
BRDA:183,21,1,2
BRDA:190,22,0,1
BRDA:190,22,1,0
BRDA:194,23,0,1
BRDA:194,23,1,0
BRDA:203,24,0,1
BRDA:203,24,1,0
BRF:44
BRH:30
end_of_record
TN:
SF:routes/auth.js
FN:9,(anonymous_0)
FN:15,(anonymous_1)
FN:22,(anonymous_2)
FN:54,(anonymous_3)
FN:79,(anonymous_4)
FN:85,(anonymous_5)
FNF:6
FNH:6
FNDA:56,(anonymous_0)
FNDA:59,(anonymous_1)
FNDA:58,(anonymous_2)
FNDA:4,(anonymous_3)
FNDA:1,(anonymous_4)
FNDA:2,(anonymous_5)
DA:1,6
DA:2,6
DA:3,6
DA:4,6
DA:5,6
DA:7,6
DA:9,6
DA:10,56
DA:15,59
DA:22,6
DA:23,58
DA:25,58
DA:26,1
DA:29,57
DA:30,1
DA:33,56
DA:35,56
DA:36,1
DA:39,55
DA:41,55
DA:47,55
DA:54,6
DA:55,4
DA:57,4
DA:58,1
DA:61,3
DA:63,3
DA:64,1
DA:67,2
DA:69,2
DA:70,1
DA:73,1
DA:79,6
DA:80,1
DA:85,6
DA:94,2
DA:96,2
DA:98,2
DA:99,0
DA:102,2
DA:112,2
DA:114,2
DA:118,6
LF:43
LH:42
BRDA:25,0,0,1
BRDA:25,0,1,57
BRDA:25,1,0,58
BRDA:25,1,1,57
BRDA:25,1,2,57
BRDA:29,2,0,1
BRDA:29,2,1,56
BRDA:35,3,0,1
BRDA:35,3,1,55
BRDA:57,4,0,1
BRDA:57,4,1,3
BRDA:57,5,0,4
BRDA:57,5,1,4
BRDA:63,6,0,1
BRDA:63,6,1,2
BRDA:69,7,0,1
BRDA:69,7,1,1
BRDA:98,8,0,0
BRDA:98,8,1,2
BRF:19
BRH:18
end_of_record
TN:
SF:routes/exercises.js
FN:7,(anonymous_0)
FNF:1
FNH:1
FNDA:3,(anonymous_0)
DA:1,6
DA:2,6
DA:4,6
DA:7,6
DA:8,3
DA:10,3
DA:11,3
DA:12,1
DA:22,3
DA:30,3
DA:33,6
LF:11
LH:11
BRDA:8,0,0,2
BRDA:8,1,0,2
BRDA:11,2,0,1
BRDA:11,2,1,2
BRF:4
BRH:4
end_of_record
TN:
SF:routes/splits.js
FN:9,(anonymous_0)
FN:34,(anonymous_1)
FN:41,(anonymous_2)
FN:52,(anonymous_3)
FN:56,(anonymous_4)
FN:57,(anonymous_5)
FN:59,(anonymous_6)
FN:67,(anonymous_7)
FN:81,(anonymous_8)
FN:116,(anonymous_9)
FNF:10
FNH:10
FNDA:12,(anonymous_0)
FNDA:1,(anonymous_1)
FNDA:2,(anonymous_2)
FNDA:1,(anonymous_3)
FNDA:1,(anonymous_4)
FNDA:1,(anonymous_5)
FNDA:1,(anonymous_6)
FNDA:3,(anonymous_7)
FNDA:4,(anonymous_8)
FNDA:2,(anonymous_9)
DA:1,6
DA:2,6
DA:3,6
DA:4,6
DA:6,6
DA:9,6
DA:10,12
DA:12,12
DA:13,1
DA:16,11
DA:17,1
DA:20,10
DA:26,10
DA:28,10
DA:30,10
DA:34,6
DA:35,1
DA:36,1
DA:41,6
DA:42,2
DA:47,2
DA:48,1
DA:51,1
DA:52,1
DA:54,1
DA:55,1
DA:56,1
DA:57,1
DA:59,1
DA:63,1
DA:67,6
DA:68,3
DA:73,3
DA:74,2
DA:77,1
DA:81,6
DA:82,4
DA:84,4
DA:85,1
DA:88,3
DA:89,1
DA:92,2
DA:107,2
DA:108,1
DA:111,1
DA:116,6
DA:117,2
DA:122,2
DA:123,1
DA:126,1
DA:129,6
LF:51
LH:51
BRDA:12,0,0,1
BRDA:12,0,1,11
BRDA:12,1,0,12
BRDA:12,1,1,11
BRDA:16,2,0,1
BRDA:16,2,1,10
BRDA:47,3,0,1
BRDA:47,3,1,1
BRDA:52,4,0,1
BRDA:52,4,1,0
BRDA:54,5,0,1
BRDA:54,5,1,0
BRDA:59,6,0,1
BRDA:59,6,1,0
BRDA:73,7,0,2
BRDA:73,7,1,1
BRDA:84,8,0,1
BRDA:84,8,1,3
BRDA:84,9,0,4
BRDA:84,9,1,3
BRDA:88,10,0,1
BRDA:88,10,1,2
BRDA:107,11,0,1
BRDA:107,11,1,1
BRDA:122,12,0,1
BRDA:122,12,1,1
BRF:26
BRH:23
end_of_record
TN:
SF:routes/workouts.js
FN:9,(anonymous_0)
FN:33,(anonymous_1)
FN:38,(anonymous_2)
FN:53,(anonymous_3)
FN:67,(anonymous_4)
FN:102,(anonymous_5)
FNF:6
FNH:6
FNDA:15,(anonymous_0)
FNDA:1,(anonymous_1)
FNDA:1,(anonymous_2)
FNDA:6,(anonymous_3)
FNDA:4,(anonymous_4)
FNDA:2,(anonymous_5)
DA:1,6
DA:2,6
DA:3,6
DA:4,6
DA:6,6
DA:9,6
DA:10,15
DA:13,15
DA:14,1
DA:17,14
DA:18,2
DA:22,12
DA:27,12
DA:28,12
DA:33,6
DA:34,1
DA:37,1
DA:39,1
DA:42,1
DA:49,1
DA:53,6
DA:55,6
DA:60,5
DA:61,3
DA:63,2
DA:67,6
DA:68,4
DA:70,4
DA:71,1
DA:74,3
DA:75,1
DA:79,2
DA:94,2
DA:95,1
DA:98,1
DA:102,6
DA:104,2
DA:109,2
DA:110,1
DA:113,1
DA:117,6
LF:41
LH:41
BRDA:13,0,0,1
BRDA:13,0,1,14
BRDA:13,1,0,15
BRDA:13,1,1,14
BRDA:17,2,0,2
BRDA:17,2,1,12
BRDA:17,3,0,14
BRDA:17,3,1,13
BRDA:60,4,0,3
BRDA:60,4,1,2
BRDA:70,5,0,1
BRDA:70,5,1,3
BRDA:70,6,0,4
BRDA:70,6,1,3
BRDA:74,7,0,1
BRDA:74,7,1,2
BRDA:74,8,0,3
BRDA:74,8,1,3
BRDA:94,9,0,1
BRDA:94,9,1,1
BRDA:109,10,0,1
BRDA:109,10,1,1
BRF:22
BRH:22
end_of_record
